<?xml version="1.0" encoding="UTF-8"?>
<!-- Generated by org.testng.reporters.JUnitReportReporter -->
<testsuite hostname="DESKTOP-6PR6AGM" failures="0" tests="5" name="TestngCases.AllMethExe" time="0.011" errors="0" timestamp="2022-01-18T17:08:03 IST" skipped="0">
  <testcase classname="TestngCases.AllMethExe" name="A1" time="0.006"/>
  <system-out/>
  <testcase classname="TestngCases.AllMethExe" name="B1" time="0.001"/>
  <system-out/>
  <testcase classname="TestngCases.AllMethExe" name="q1" time="0.001"/>
  <system-out/>
  <testcase classname="TestngCases.AllMethExe" name="G1" time="0.001"/>
  <system-out/>
  <testcase classname="TestngCases.AllMethExe" name="V1" time="0.002"/>
  <system-out/>
</testsuite> <!-- TestngCases.AllMethExe -->
