<?xml version="1.0" encoding="UTF-8"?>
<!-- Generated by org.testng.reporters.JUnitReportReporter -->
<testsuite hostname="DESKTOP-6PR6AGM" failures="0" tests="1" name="TestngCases.Demo1" time="0.008" errors="0" timestamp="2022-01-18T16:58:14 IST" skipped="0">
  <testcase classname="TestngCases.Demo1" name="A1" time="0.008"/>
  <system-out/>
</testsuite> <!-- TestngCases.Demo1 -->
