<?xml version="1.0" encoding="UTF-8"?>
<!-- Generated by org.testng.reporters.JUnitReportReporter -->
<testsuite hostname="DESKTOP-6PR6AGM" failures="0" tests="1" name="Real_FrameWork" time="7.634" errors="0" timestamp="2022-01-20T16:34:43 IST" skipped="0">
  <testcase classname="Real_FrameWork" name="tc1" time="7.634"/>
  <system-out/>
</testsuite> <!-- Real_FrameWork -->
