<?xml version="1.0" encoding="UTF-8"?>
<!-- Generated by org.testng.reporters.JUnitReportReporter -->
<testsuite hostname="DESKTOP-6PR6AGM" failures="0" tests="1" name="Demo.Webdriver_Open" time="24.865" errors="0" timestamp="2022-01-27T11:53:32 IST" skipped="0">
  <testcase classname="Demo.Webdriver_Open" name="m1" time="24.865"/>
  <system-out/>
</testsuite> <!-- Demo.Webdriver_Open -->
