<?xml version="1.0" encoding="UTF-8"?>
<!-- Generated by org.testng.reporters.JUnitReportReporter -->
<testsuite hostname="DESKTOP-6PR6AGM" failures="0" tests="4" name="TestngCases.CustomPriority3" time="0.016" errors="0" timestamp="2022-01-19T11:36:03 IST" skipped="0">
  <testcase classname="TestngCases.CustomPriority3" name="k1" time="0.013"/>
  <system-out/>
  <testcase classname="TestngCases.CustomPriority3" name="F1" time="0.002"/>
  <system-out/>
  <testcase classname="TestngCases.CustomPriority3" name="s1" time="0.000"/>
  <system-out/>
  <testcase classname="TestngCases.CustomPriority3" name="z1" time="0.001"/>
  <system-out/>
</testsuite> <!-- TestngCases.CustomPriority3 -->
