<?xml version="1.0" encoding="UTF-8"?>
<!-- Generated by org.testng.reporters.JUnitReportReporter -->
<testsuite hostname="DESKTOP-6PR6AGM" failures="0" tests="1" name="Demo.Demo" time="0.005" errors="0" timestamp="2022-01-18T16:49:04 IST" skipped="0">
  <testcase classname="Demo.Demo" name="D1" time="0.005"/>
  <system-out/>
</testsuite> <!-- Demo.Demo -->
