<?xml version="1.0" encoding="UTF-8"?>
<!-- Generated by org.testng.reporters.JUnitReportReporter -->
<testsuite hostname="DESKTOP-6PR6AGM" failures="0" tests="2" name="Demo_Framework" time="0.008" errors="0" timestamp="2022-01-19T22:59:28 IST" skipped="0">
  <testcase classname="Demo_Framework" name="tc2" time="0.002"/>
  <system-out/>
  <testcase classname="Demo_Framework" name="tc1" time="0.006"/>
  <system-out/>
</testsuite> <!-- Demo_Framework -->
