<?xml version="1.0" encoding="UTF-8"?>
<!-- Generated by org.testng.reporters.JUnitReportReporter -->
<testsuite hostname="DESKTOP-6PR6AGM" failures="0" tests="1" name="Com.Generic_class.BaseTest" time="6.747" errors="0" timestamp="2022-01-21T19:07:16 IST" skipped="0">
  <testcase classname="Com.Generic_class.BaseTest" name="tc1" time="6.747"/>
  <system-out/>
</testsuite> <!-- Com.Generic_class.BaseTest -->
