<?xml version="1.0" encoding="UTF-8"?>
<!-- Generated by org.testng.reporters.JUnitReportReporter -->
<testsuite hostname="DESKTOP-6PR6AGM" failures="0" tests="2" name="TestngCases.DependMethod4" time="0.008" errors="0" timestamp="2022-01-18T17:20:43 IST" skipped="0">
  <testcase classname="TestngCases.DependMethod4" name="L1" time="0.007"/>
  <system-out/>
  <testcase classname="TestngCases.DependMethod4" name="K1" time="0.001"/>
  <system-out/>
</testsuite> <!-- TestngCases.DependMethod4 -->
